2023-12-28 16:13:27,728 [Worker-6: Loading available Gradle versions] INFO  o.e.b.c.i.u.g.PublishedGradleVersions - Gradle version information cache is up-to-date. Trying to read.
2023-12-28 16:17:09,232 [Worker-2: Launching mavenrun-88e1e389-d6af-4d6c-8b25-9e5848e3f115] INFO  o.eclipse.m2e.core.internal.Bundles - getClasspathEntries(Bundle=org.eclipse.m2e.maven.runtime_3.9.100.20230519-1558 [291])
2023-12-28 16:17:09,242 [Worker-2: Launching mavenrun-88e1e389-d6af-4d6c-8b25-9e5848e3f115] INFO  o.eclipse.m2e.core.internal.Bundles - 	Entry: C:\Users\neha.sharma\Downloads\eclipse-java-2023-06-R-win32-x86_64\eclipse\plugins\org.eclipse.m2e.maven.runtime_3.9.100.20230519-1558
2023-12-28 16:17:09,242 [Worker-2: Launching mavenrun-88e1e389-d6af-4d6c-8b25-9e5848e3f115] INFO  o.eclipse.m2e.core.internal.Bundles - 	Entry: C:\Users\neha.sharma\Downloads\eclipse-java-2023-06-R-win32-x86_64\eclipse\plugins\org.eclipse.m2e.maven.runtime_3.9.100.20230519-1558\jars\aether-connector-okhttp-0.17.8.jar
2023-12-28 16:17:09,243 [Worker-2: Launching mavenrun-88e1e389-d6af-4d6c-8b25-9e5848e3f115] INFO  o.eclipse.m2e.core.internal.Bundles - 	Entry: C:\Users\neha.sharma\Downloads\eclipse-java-2023-06-R-win32-x86_64\eclipse\plugins\org.eclipse.m2e.maven.runtime_3.9.100.20230519-1558\jars\aopalliance-1.0.jar
2023-12-28 16:17:09,243 [Worker-2: Launching mavenrun-88e1e389-d6af-4d6c-8b25-9e5848e3f115] INFO  o.eclipse.m2e.core.internal.Bundles - 	Entry: C:\Users\neha.sharma\Downloads\eclipse-java-2023-06-R-win32-x86_64\eclipse\plugins\org.eclipse.m2e.maven.runtime_3.9.100.20230519-1558\jars\commons-lang3-3.8.1.jar
2023-12-28 16:17:09,243 [Worker-2: Launching mavenrun-88e1e389-d6af-4d6c-8b25-9e5848e3f115] INFO  o.eclipse.m2e.core.internal.Bundles - 	Entry: C:\Users\neha.sharma\Downloads\eclipse-java-2023-06-R-win32-x86_64\eclipse\plugins\org.eclipse.m2e.maven.runtime_3.9.100.20230519-1558\jars\failureaccess-1.0.1.jar
2023-12-28 16:17:09,244 [Worker-2: Launching mavenrun-88e1e389-d6af-4d6c-8b25-9e5848e3f115] INFO  o.eclipse.m2e.core.internal.Bundles - 	Entry: C:\Users\neha.sharma\Downloads\eclipse-java-2023-06-R-win32-x86_64\eclipse\plugins\org.eclipse.m2e.maven.runtime_3.9.100.20230519-1558\jars\guava-30.1-jre.jar
2023-12-28 16:17:09,244 [Worker-2: Launching mavenrun-88e1e389-d6af-4d6c-8b25-9e5848e3f115] INFO  o.eclipse.m2e.core.internal.Bundles - 	Entry: C:\Users\neha.sharma\Downloads\eclipse-java-2023-06-R-win32-x86_64\eclipse\plugins\org.eclipse.m2e.maven.runtime_3.9.100.20230519-1558\jars\guice-5.1.0.jar
2023-12-28 16:17:09,244 [Worker-2: Launching mavenrun-88e1e389-d6af-4d6c-8b25-9e5848e3f115] INFO  o.eclipse.m2e.core.internal.Bundles - 	Entry: C:\Users\neha.sharma\Downloads\eclipse-java-2023-06-R-win32-x86_64\eclipse\plugins\org.eclipse.m2e.maven.runtime_3.9.100.20230519-1558\jars\jansi-2.4.0.jar
2023-12-28 16:17:09,244 [Worker-2: Launching mavenrun-88e1e389-d6af-4d6c-8b25-9e5848e3f115] INFO  o.eclipse.m2e.core.internal.Bundles - 	Entry: C:\Users\neha.sharma\Downloads\eclipse-java-2023-06-R-win32-x86_64\eclipse\plugins\org.eclipse.m2e.maven.runtime_3.9.100.20230519-1558\jars\maven-artifact-3.9.1.jar
2023-12-28 16:17:09,244 [Worker-2: Launching mavenrun-88e1e389-d6af-4d6c-8b25-9e5848e3f115] INFO  o.eclipse.m2e.core.internal.Bundles - 	Entry: C:\Users\neha.sharma\Downloads\eclipse-java-2023-06-R-win32-x86_64\eclipse\plugins\org.eclipse.m2e.maven.runtime_3.9.100.20230519-1558\jars\maven-builder-support-3.9.1.jar
2023-12-28 16:17:09,244 [Worker-2: Launching mavenrun-88e1e389-d6af-4d6c-8b25-9e5848e3f115] INFO  o.eclipse.m2e.core.internal.Bundles - 	Entry: C:\Users\neha.sharma\Downloads\eclipse-java-2023-06-R-win32-x86_64\eclipse\plugins\org.eclipse.m2e.maven.runtime_3.9.100.20230519-1558\jars\maven-compat-3.9.1.jar
2023-12-28 16:17:09,244 [Worker-2: Launching mavenrun-88e1e389-d6af-4d6c-8b25-9e5848e3f115] INFO  o.eclipse.m2e.core.internal.Bundles - 	Entry: C:\Users\neha.sharma\Downloads\eclipse-java-2023-06-R-win32-x86_64\eclipse\plugins\org.eclipse.m2e.maven.runtime_3.9.100.20230519-1558\jars\maven-core-3.9.1.jar
2023-12-28 16:17:09,245 [Worker-2: Launching mavenrun-88e1e389-d6af-4d6c-8b25-9e5848e3f115] INFO  o.eclipse.m2e.core.internal.Bundles - 	Entry: C:\Users\neha.sharma\Downloads\eclipse-java-2023-06-R-win32-x86_64\eclipse\plugins\org.eclipse.m2e.maven.runtime_3.9.100.20230519-1558\jars\maven-embedder-3.9.1.jar
2023-12-28 16:17:09,245 [Worker-2: Launching mavenrun-88e1e389-d6af-4d6c-8b25-9e5848e3f115] INFO  o.eclipse.m2e.core.internal.Bundles - 	Entry: C:\Users\neha.sharma\Downloads\eclipse-java-2023-06-R-win32-x86_64\eclipse\plugins\org.eclipse.m2e.maven.runtime_3.9.100.20230519-1558\jars\maven-model-3.9.1.jar
2023-12-28 16:17:09,245 [Worker-2: Launching mavenrun-88e1e389-d6af-4d6c-8b25-9e5848e3f115] INFO  o.eclipse.m2e.core.internal.Bundles - 	Entry: C:\Users\neha.sharma\Downloads\eclipse-java-2023-06-R-win32-x86_64\eclipse\plugins\org.eclipse.m2e.maven.runtime_3.9.100.20230519-1558\jars\maven-model-builder-3.9.1.jar
2023-12-28 16:17:09,245 [Worker-2: Launching mavenrun-88e1e389-d6af-4d6c-8b25-9e5848e3f115] INFO  o.eclipse.m2e.core.internal.Bundles - 	Entry: C:\Users\neha.sharma\Downloads\eclipse-java-2023-06-R-win32-x86_64\eclipse\plugins\org.eclipse.m2e.maven.runtime_3.9.100.20230519-1558\jars\maven-plugin-api-3.9.1.jar
2023-12-28 16:17:09,245 [Worker-2: Launching mavenrun-88e1e389-d6af-4d6c-8b25-9e5848e3f115] INFO  o.eclipse.m2e.core.internal.Bundles - 	Entry: C:\Users\neha.sharma\Downloads\eclipse-java-2023-06-R-win32-x86_64\eclipse\plugins\org.eclipse.m2e.maven.runtime_3.9.100.20230519-1558\jars\maven-repository-metadata-3.9.1.jar
2023-12-28 16:17:09,245 [Worker-2: Launching mavenrun-88e1e389-d6af-4d6c-8b25-9e5848e3f115] INFO  o.eclipse.m2e.core.internal.Bundles - 	Entry: C:\Users\neha.sharma\Downloads\eclipse-java-2023-06-R-win32-x86_64\eclipse\plugins\org.eclipse.m2e.maven.runtime_3.9.100.20230519-1558\jars\maven-resolver-api-1.9.7.jar
2023-12-28 16:17:09,246 [Worker-2: Launching mavenrun-88e1e389-d6af-4d6c-8b25-9e5848e3f115] INFO  o.eclipse.m2e.core.internal.Bundles - 	Entry: C:\Users\neha.sharma\Downloads\eclipse-java-2023-06-R-win32-x86_64\eclipse\plugins\org.eclipse.m2e.maven.runtime_3.9.100.20230519-1558\jars\maven-resolver-connector-basic-1.9.7.jar
2023-12-28 16:17:09,246 [Worker-2: Launching mavenrun-88e1e389-d6af-4d6c-8b25-9e5848e3f115] INFO  o.eclipse.m2e.core.internal.Bundles - 	Entry: C:\Users\neha.sharma\Downloads\eclipse-java-2023-06-R-win32-x86_64\eclipse\plugins\org.eclipse.m2e.maven.runtime_3.9.100.20230519-1558\jars\maven-resolver-impl-1.9.7.jar
2023-12-28 16:17:09,246 [Worker-2: Launching mavenrun-88e1e389-d6af-4d6c-8b25-9e5848e3f115] INFO  o.eclipse.m2e.core.internal.Bundles - 	Entry: C:\Users\neha.sharma\Downloads\eclipse-java-2023-06-R-win32-x86_64\eclipse\plugins\org.eclipse.m2e.maven.runtime_3.9.100.20230519-1558\jars\maven-resolver-named-locks-1.9.7.jar
2023-12-28 16:17:09,246 [Worker-2: Launching mavenrun-88e1e389-d6af-4d6c-8b25-9e5848e3f115] INFO  o.eclipse.m2e.core.internal.Bundles - 	Entry: C:\Users\neha.sharma\Downloads\eclipse-java-2023-06-R-win32-x86_64\eclipse\plugins\org.eclipse.m2e.maven.runtime_3.9.100.20230519-1558\jars\maven-resolver-provider-3.9.1.jar
2023-12-28 16:17:09,246 [Worker-2: Launching mavenrun-88e1e389-d6af-4d6c-8b25-9e5848e3f115] INFO  o.eclipse.m2e.core.internal.Bundles - 	Entry: C:\Users\neha.sharma\Downloads\eclipse-java-2023-06-R-win32-x86_64\eclipse\plugins\org.eclipse.m2e.maven.runtime_3.9.100.20230519-1558\jars\maven-resolver-spi-1.9.7.jar
2023-12-28 16:17:09,246 [Worker-2: Launching mavenrun-88e1e389-d6af-4d6c-8b25-9e5848e3f115] INFO  o.eclipse.m2e.core.internal.Bundles - 	Entry: C:\Users\neha.sharma\Downloads\eclipse-java-2023-06-R-win32-x86_64\eclipse\plugins\org.eclipse.m2e.maven.runtime_3.9.100.20230519-1558\jars\maven-resolver-transport-wagon-1.9.7.jar
2023-12-28 16:17:09,246 [Worker-2: Launching mavenrun-88e1e389-d6af-4d6c-8b25-9e5848e3f115] INFO  o.eclipse.m2e.core.internal.Bundles - 	Entry: C:\Users\neha.sharma\Downloads\eclipse-java-2023-06-R-win32-x86_64\eclipse\plugins\org.eclipse.m2e.maven.runtime_3.9.100.20230519-1558\jars\maven-resolver-util-1.9.7.jar
2023-12-28 16:17:09,247 [Worker-2: Launching mavenrun-88e1e389-d6af-4d6c-8b25-9e5848e3f115] INFO  o.eclipse.m2e.core.internal.Bundles - 	Entry: C:\Users\neha.sharma\Downloads\eclipse-java-2023-06-R-win32-x86_64\eclipse\plugins\org.eclipse.m2e.maven.runtime_3.9.100.20230519-1558\jars\maven-settings-3.9.1.jar
2023-12-28 16:17:09,247 [Worker-2: Launching mavenrun-88e1e389-d6af-4d6c-8b25-9e5848e3f115] INFO  o.eclipse.m2e.core.internal.Bundles - 	Entry: C:\Users\neha.sharma\Downloads\eclipse-java-2023-06-R-win32-x86_64\eclipse\plugins\org.eclipse.m2e.maven.runtime_3.9.100.20230519-1558\jars\maven-settings-builder-3.9.1.jar
2023-12-28 16:17:09,247 [Worker-2: Launching mavenrun-88e1e389-d6af-4d6c-8b25-9e5848e3f115] INFO  o.eclipse.m2e.core.internal.Bundles - 	Entry: C:\Users\neha.sharma\Downloads\eclipse-java-2023-06-R-win32-x86_64\eclipse\plugins\org.eclipse.m2e.maven.runtime_3.9.100.20230519-1558\jars\maven-shared-utils-3.3.4.jar
2023-12-28 16:17:09,247 [Worker-2: Launching mavenrun-88e1e389-d6af-4d6c-8b25-9e5848e3f115] INFO  o.eclipse.m2e.core.internal.Bundles - 	Entry: C:\Users\neha.sharma\Downloads\eclipse-java-2023-06-R-win32-x86_64\eclipse\plugins\org.eclipse.m2e.maven.runtime_3.9.100.20230519-1558\jars\okhttp-3.14.1.jar
2023-12-28 16:17:09,247 [Worker-2: Launching mavenrun-88e1e389-d6af-4d6c-8b25-9e5848e3f115] INFO  o.eclipse.m2e.core.internal.Bundles - 	Entry: C:\Users\neha.sharma\Downloads\eclipse-java-2023-06-R-win32-x86_64\eclipse\plugins\org.eclipse.m2e.maven.runtime_3.9.100.20230519-1558\jars\okio-1.17.3.jar
2023-12-28 16:17:09,247 [Worker-2: Launching mavenrun-88e1e389-d6af-4d6c-8b25-9e5848e3f115] INFO  o.eclipse.m2e.core.internal.Bundles - 	Entry: C:\Users\neha.sharma\Downloads\eclipse-java-2023-06-R-win32-x86_64\eclipse\plugins\org.eclipse.m2e.maven.runtime_3.9.100.20230519-1558\jars\org.eclipse.sisu.inject-0.3.5.jar
2023-12-28 16:17:09,247 [Worker-2: Launching mavenrun-88e1e389-d6af-4d6c-8b25-9e5848e3f115] INFO  o.eclipse.m2e.core.internal.Bundles - 	Entry: C:\Users\neha.sharma\Downloads\eclipse-java-2023-06-R-win32-x86_64\eclipse\plugins\org.eclipse.m2e.maven.runtime_3.9.100.20230519-1558\jars\org.eclipse.sisu.plexus-0.3.5.jar
2023-12-28 16:17:09,248 [Worker-2: Launching mavenrun-88e1e389-d6af-4d6c-8b25-9e5848e3f115] INFO  o.eclipse.m2e.core.internal.Bundles - 	Entry: C:\Users\neha.sharma\Downloads\eclipse-java-2023-06-R-win32-x86_64\eclipse\plugins\org.eclipse.m2e.maven.runtime_3.9.100.20230519-1558\jars\plexus-build-api-0.0.7.jar
2023-12-28 16:17:09,248 [Worker-2: Launching mavenrun-88e1e389-d6af-4d6c-8b25-9e5848e3f115] INFO  o.eclipse.m2e.core.internal.Bundles - 	Entry: C:\Users\neha.sharma\Downloads\eclipse-java-2023-06-R-win32-x86_64\eclipse\plugins\org.eclipse.m2e.maven.runtime_3.9.100.20230519-1558\jars\plexus-cipher-2.0.jar
2023-12-28 16:17:09,248 [Worker-2: Launching mavenrun-88e1e389-d6af-4d6c-8b25-9e5848e3f115] INFO  o.eclipse.m2e.core.internal.Bundles - 	Entry: C:\Users\neha.sharma\Downloads\eclipse-java-2023-06-R-win32-x86_64\eclipse\plugins\org.eclipse.m2e.maven.runtime_3.9.100.20230519-1558\jars\plexus-classworlds-2.6.0.jar
2023-12-28 16:17:09,248 [Worker-2: Launching mavenrun-88e1e389-d6af-4d6c-8b25-9e5848e3f115] INFO  o.eclipse.m2e.core.internal.Bundles - 	Entry: C:\Users\neha.sharma\Downloads\eclipse-java-2023-06-R-win32-x86_64\eclipse\plugins\org.eclipse.m2e.maven.runtime_3.9.100.20230519-1558\jars\plexus-component-annotations-2.1.0.jar
2023-12-28 16:17:09,248 [Worker-2: Launching mavenrun-88e1e389-d6af-4d6c-8b25-9e5848e3f115] INFO  o.eclipse.m2e.core.internal.Bundles - 	Entry: C:\Users\neha.sharma\Downloads\eclipse-java-2023-06-R-win32-x86_64\eclipse\plugins\org.eclipse.m2e.maven.runtime_3.9.100.20230519-1558\jars\plexus-interpolation-1.26.jar
2023-12-28 16:17:09,248 [Worker-2: Launching mavenrun-88e1e389-d6af-4d6c-8b25-9e5848e3f115] INFO  o.eclipse.m2e.core.internal.Bundles - 	Entry: C:\Users\neha.sharma\Downloads\eclipse-java-2023-06-R-win32-x86_64\eclipse\plugins\org.eclipse.m2e.maven.runtime_3.9.100.20230519-1558\jars\plexus-sec-dispatcher-2.0.jar
2023-12-28 16:17:09,249 [Worker-2: Launching mavenrun-88e1e389-d6af-4d6c-8b25-9e5848e3f115] INFO  o.eclipse.m2e.core.internal.Bundles - 	Entry: C:\Users\neha.sharma\Downloads\eclipse-java-2023-06-R-win32-x86_64\eclipse\plugins\org.eclipse.m2e.maven.runtime_3.9.100.20230519-1558\jars\plexus-utils-3.5.1.jar
2023-12-28 16:17:09,249 [Worker-2: Launching mavenrun-88e1e389-d6af-4d6c-8b25-9e5848e3f115] INFO  o.eclipse.m2e.core.internal.Bundles - 	Entry: C:\Users\neha.sharma\Downloads\eclipse-java-2023-06-R-win32-x86_64\eclipse\plugins\org.eclipse.m2e.maven.runtime_3.9.100.20230519-1558\jars\wagon-file-3.5.3.jar
2023-12-28 16:17:09,249 [Worker-2: Launching mavenrun-88e1e389-d6af-4d6c-8b25-9e5848e3f115] INFO  o.eclipse.m2e.core.internal.Bundles - 	Entry: C:\Users\neha.sharma\Downloads\eclipse-java-2023-06-R-win32-x86_64\eclipse\plugins\org.eclipse.m2e.maven.runtime_3.9.100.20230519-1558\jars\wagon-provider-api-3.5.3.jar
2023-12-28 16:17:09,251 [Worker-2: Launching mavenrun-88e1e389-d6af-4d6c-8b25-9e5848e3f115] INFO  o.eclipse.m2e.core.internal.Bundles - getClasspathEntries(Bundle=com.google.guava_31.1.0.jre [11])
2023-12-28 16:17:09,252 [Worker-2: Launching mavenrun-88e1e389-d6af-4d6c-8b25-9e5848e3f115] INFO  o.eclipse.m2e.core.internal.Bundles - 	Entry: C:\Users\neha.sharma\Downloads\eclipse-java-2023-06-R-win32-x86_64\eclipse\plugins\com.google.guava_31.1.0.jre.jar
2023-12-28 16:17:09,252 [Worker-2: Launching mavenrun-88e1e389-d6af-4d6c-8b25-9e5848e3f115] INFO  o.eclipse.m2e.core.internal.Bundles - getClasspathEntries(Bundle=slf4j.api_1.7.36 [519])
2023-12-28 16:17:09,256 [Worker-2: Launching mavenrun-88e1e389-d6af-4d6c-8b25-9e5848e3f115] INFO  o.eclipse.m2e.core.internal.Bundles - 	Entry: C:\Users\neha.sharma\Downloads\eclipse-java-2023-06-R-win32-x86_64\eclipse\plugins\slf4j.api_1.7.36.jar
2023-12-28 16:17:09,257 [Worker-2: Launching mavenrun-88e1e389-d6af-4d6c-8b25-9e5848e3f115] INFO  o.eclipse.m2e.core.internal.Bundles - getClasspathEntries(Bundle=javax.inject_1.0.0.v20220405-0441 [25])
2023-12-28 16:17:09,259 [Worker-2: Launching mavenrun-88e1e389-d6af-4d6c-8b25-9e5848e3f115] INFO  o.eclipse.m2e.core.internal.Bundles - 	Entry: C:\Users\neha.sharma\Downloads\eclipse-java-2023-06-R-win32-x86_64\eclipse\plugins\javax.inject_1.0.0.v20220405-0441.jar
2023-12-28 16:17:09,259 [Worker-2: Launching mavenrun-88e1e389-d6af-4d6c-8b25-9e5848e3f115] INFO  o.eclipse.m2e.core.internal.Bundles - getClasspathEntries(Bundle=javax.annotation_1.3.5.v20230504-0748 [23])
2023-12-28 16:17:09,262 [Worker-2: Launching mavenrun-88e1e389-d6af-4d6c-8b25-9e5848e3f115] INFO  o.eclipse.m2e.core.internal.Bundles - 	Entry: C:\Users\neha.sharma\Downloads\eclipse-java-2023-06-R-win32-x86_64\eclipse\plugins\javax.annotation_1.3.5.v20230504-0748.jar
2023-12-28 16:17:09,262 [Worker-2: Launching mavenrun-88e1e389-d6af-4d6c-8b25-9e5848e3f115] INFO  o.eclipse.m2e.core.internal.Bundles - getClasspathEntries(Bundle=org.apache.commons.cli_1.5.0 [47])
2023-12-28 16:17:09,263 [Worker-2: Launching mavenrun-88e1e389-d6af-4d6c-8b25-9e5848e3f115] INFO  o.eclipse.m2e.core.internal.Bundles - 	Entry: C:\Users\neha.sharma\Downloads\eclipse-java-2023-06-R-win32-x86_64\eclipse\plugins\org.apache.commons.cli_1.5.0.jar
2023-12-28 16:17:09,263 [Worker-2: Launching mavenrun-88e1e389-d6af-4d6c-8b25-9e5848e3f115] INFO  o.eclipse.m2e.core.internal.Bundles - getClasspathEntries(Bundle=com.google.guava.failureaccess_1.0.1 [12])
2023-12-28 16:17:09,265 [Worker-2: Launching mavenrun-88e1e389-d6af-4d6c-8b25-9e5848e3f115] INFO  o.eclipse.m2e.core.internal.Bundles - 	Entry: C:\Users\neha.sharma\Downloads\eclipse-java-2023-06-R-win32-x86_64\eclipse\plugins\com.google.guava.failureaccess_1.0.1.jar
2023-12-28 16:17:09,276 [Worker-2: Launching mavenrun-88e1e389-d6af-4d6c-8b25-9e5848e3f115] INFO  o.e.m.i.launch.MavenLaunchDelegate - Run build in "C:\Users\NEHA~1.SHA\AppData\Local\Temp\m2e-archetypeGenerator15962588912838195139":
2023-12-28 16:17:09,279 [Worker-2: Launching mavenrun-88e1e389-d6af-4d6c-8b25-9e5848e3f115] INFO  o.e.m.i.launch.MavenLaunchDelegate -  mvn  -DarchetypeGroupId=org.apache.maven.archetypes -DarchetypeArtifactId=maven-archetype-quickstart -DarchetypeVersion=1.1 -DgroupId=Maventestng -DartifactId=Maventestng2 -Dversion=0.0.1-SNAPSHOT -Dpackage=Maventestng.Maventestng2 -DoutputDirectory=C:\Users\neha.sharma\eclipse-workspace\Maven -Dstyle.color=always -U archetype:generate
2023-12-29 17:38:06,921 [Worker-35: Updating Maven Project] INFO  o.e.m.c.i.p.ProjectConfigurationManager - Update started
2023-12-29 17:38:06,932 [Worker-35: Updating Maven Project] INFO  o.e.m.c.i.p.ProjectConfigurationManager - Update completed for 0 poms: local refresh takes 0.00 sec, refresh facades takes 0.00 sec, update config takes 0.00 sec 
2023-12-29 17:38:07,233 [Worker-11: Updating Maven Project] INFO  o.e.m.c.i.p.ProjectConfigurationManager - Update started
2023-12-29 17:38:07,235 [Worker-11: Updating Maven Project] INFO  o.e.m.c.i.p.ProjectConfigurationManager - Update completed for 0 poms: local refresh takes 0.00 sec, refresh facades takes 0.00 sec, update config takes 0.00 sec 
