2023-12-28 15:44:42,584 [Worker-0: Loading available Gradle versions] INFO  o.e.b.c.i.u.g.PublishedGradleVersions - Gradle version information cache is up-to-date. Trying to read.
2023-12-28 15:54:14,820 [Worker-12: Launching mavenrun-910cf466-27a7-48ef-a4a3-6f482fff110e] INFO  o.eclipse.m2e.core.internal.Bundles - getClasspathEntries(Bundle=org.eclipse.m2e.maven.runtime_3.9.100.20230519-1558 [291])
2023-12-28 15:54:14,832 [Worker-12: Launching mavenrun-910cf466-27a7-48ef-a4a3-6f482fff110e] INFO  o.eclipse.m2e.core.internal.Bundles - 	Entry: C:\Users\neha.sharma\Downloads\eclipse-java-2023-06-R-win32-x86_64\eclipse\plugins\org.eclipse.m2e.maven.runtime_3.9.100.20230519-1558
2023-12-28 15:54:14,833 [Worker-12: Launching mavenrun-910cf466-27a7-48ef-a4a3-6f482fff110e] INFO  o.eclipse.m2e.core.internal.Bundles - 	Entry: C:\Users\neha.sharma\Downloads\eclipse-java-2023-06-R-win32-x86_64\eclipse\plugins\org.eclipse.m2e.maven.runtime_3.9.100.20230519-1558\jars\aether-connector-okhttp-0.17.8.jar
2023-12-28 15:54:14,846 [Worker-12: Launching mavenrun-910cf466-27a7-48ef-a4a3-6f482fff110e] INFO  o.eclipse.m2e.core.internal.Bundles - 	Entry: C:\Users\neha.sharma\Downloads\eclipse-java-2023-06-R-win32-x86_64\eclipse\plugins\org.eclipse.m2e.maven.runtime_3.9.100.20230519-1558\jars\aopalliance-1.0.jar
2023-12-28 15:54:14,847 [Worker-12: Launching mavenrun-910cf466-27a7-48ef-a4a3-6f482fff110e] INFO  o.eclipse.m2e.core.internal.Bundles - 	Entry: C:\Users\neha.sharma\Downloads\eclipse-java-2023-06-R-win32-x86_64\eclipse\plugins\org.eclipse.m2e.maven.runtime_3.9.100.20230519-1558\jars\commons-lang3-3.8.1.jar
2023-12-28 15:54:14,847 [Worker-12: Launching mavenrun-910cf466-27a7-48ef-a4a3-6f482fff110e] INFO  o.eclipse.m2e.core.internal.Bundles - 	Entry: C:\Users\neha.sharma\Downloads\eclipse-java-2023-06-R-win32-x86_64\eclipse\plugins\org.eclipse.m2e.maven.runtime_3.9.100.20230519-1558\jars\failureaccess-1.0.1.jar
2023-12-28 15:54:14,847 [Worker-12: Launching mavenrun-910cf466-27a7-48ef-a4a3-6f482fff110e] INFO  o.eclipse.m2e.core.internal.Bundles - 	Entry: C:\Users\neha.sharma\Downloads\eclipse-java-2023-06-R-win32-x86_64\eclipse\plugins\org.eclipse.m2e.maven.runtime_3.9.100.20230519-1558\jars\guava-30.1-jre.jar
2023-12-28 15:54:14,848 [Worker-12: Launching mavenrun-910cf466-27a7-48ef-a4a3-6f482fff110e] INFO  o.eclipse.m2e.core.internal.Bundles - 	Entry: C:\Users\neha.sharma\Downloads\eclipse-java-2023-06-R-win32-x86_64\eclipse\plugins\org.eclipse.m2e.maven.runtime_3.9.100.20230519-1558\jars\guice-5.1.0.jar
2023-12-28 15:54:14,848 [Worker-12: Launching mavenrun-910cf466-27a7-48ef-a4a3-6f482fff110e] INFO  o.eclipse.m2e.core.internal.Bundles - 	Entry: C:\Users\neha.sharma\Downloads\eclipse-java-2023-06-R-win32-x86_64\eclipse\plugins\org.eclipse.m2e.maven.runtime_3.9.100.20230519-1558\jars\jansi-2.4.0.jar
2023-12-28 15:54:14,848 [Worker-12: Launching mavenrun-910cf466-27a7-48ef-a4a3-6f482fff110e] INFO  o.eclipse.m2e.core.internal.Bundles - 	Entry: C:\Users\neha.sharma\Downloads\eclipse-java-2023-06-R-win32-x86_64\eclipse\plugins\org.eclipse.m2e.maven.runtime_3.9.100.20230519-1558\jars\maven-artifact-3.9.1.jar
2023-12-28 15:54:14,848 [Worker-12: Launching mavenrun-910cf466-27a7-48ef-a4a3-6f482fff110e] INFO  o.eclipse.m2e.core.internal.Bundles - 	Entry: C:\Users\neha.sharma\Downloads\eclipse-java-2023-06-R-win32-x86_64\eclipse\plugins\org.eclipse.m2e.maven.runtime_3.9.100.20230519-1558\jars\maven-builder-support-3.9.1.jar
2023-12-28 15:54:14,849 [Worker-12: Launching mavenrun-910cf466-27a7-48ef-a4a3-6f482fff110e] INFO  o.eclipse.m2e.core.internal.Bundles - 	Entry: C:\Users\neha.sharma\Downloads\eclipse-java-2023-06-R-win32-x86_64\eclipse\plugins\org.eclipse.m2e.maven.runtime_3.9.100.20230519-1558\jars\maven-compat-3.9.1.jar
2023-12-28 15:54:14,849 [Worker-12: Launching mavenrun-910cf466-27a7-48ef-a4a3-6f482fff110e] INFO  o.eclipse.m2e.core.internal.Bundles - 	Entry: C:\Users\neha.sharma\Downloads\eclipse-java-2023-06-R-win32-x86_64\eclipse\plugins\org.eclipse.m2e.maven.runtime_3.9.100.20230519-1558\jars\maven-core-3.9.1.jar
2023-12-28 15:54:14,849 [Worker-12: Launching mavenrun-910cf466-27a7-48ef-a4a3-6f482fff110e] INFO  o.eclipse.m2e.core.internal.Bundles - 	Entry: C:\Users\neha.sharma\Downloads\eclipse-java-2023-06-R-win32-x86_64\eclipse\plugins\org.eclipse.m2e.maven.runtime_3.9.100.20230519-1558\jars\maven-embedder-3.9.1.jar
2023-12-28 15:54:14,849 [Worker-12: Launching mavenrun-910cf466-27a7-48ef-a4a3-6f482fff110e] INFO  o.eclipse.m2e.core.internal.Bundles - 	Entry: C:\Users\neha.sharma\Downloads\eclipse-java-2023-06-R-win32-x86_64\eclipse\plugins\org.eclipse.m2e.maven.runtime_3.9.100.20230519-1558\jars\maven-model-3.9.1.jar
2023-12-28 15:54:14,849 [Worker-12: Launching mavenrun-910cf466-27a7-48ef-a4a3-6f482fff110e] INFO  o.eclipse.m2e.core.internal.Bundles - 	Entry: C:\Users\neha.sharma\Downloads\eclipse-java-2023-06-R-win32-x86_64\eclipse\plugins\org.eclipse.m2e.maven.runtime_3.9.100.20230519-1558\jars\maven-model-builder-3.9.1.jar
2023-12-28 15:54:14,849 [Worker-12: Launching mavenrun-910cf466-27a7-48ef-a4a3-6f482fff110e] INFO  o.eclipse.m2e.core.internal.Bundles - 	Entry: C:\Users\neha.sharma\Downloads\eclipse-java-2023-06-R-win32-x86_64\eclipse\plugins\org.eclipse.m2e.maven.runtime_3.9.100.20230519-1558\jars\maven-plugin-api-3.9.1.jar
2023-12-28 15:54:14,850 [Worker-12: Launching mavenrun-910cf466-27a7-48ef-a4a3-6f482fff110e] INFO  o.eclipse.m2e.core.internal.Bundles - 	Entry: C:\Users\neha.sharma\Downloads\eclipse-java-2023-06-R-win32-x86_64\eclipse\plugins\org.eclipse.m2e.maven.runtime_3.9.100.20230519-1558\jars\maven-repository-metadata-3.9.1.jar
2023-12-28 15:54:14,850 [Worker-12: Launching mavenrun-910cf466-27a7-48ef-a4a3-6f482fff110e] INFO  o.eclipse.m2e.core.internal.Bundles - 	Entry: C:\Users\neha.sharma\Downloads\eclipse-java-2023-06-R-win32-x86_64\eclipse\plugins\org.eclipse.m2e.maven.runtime_3.9.100.20230519-1558\jars\maven-resolver-api-1.9.7.jar
2023-12-28 15:54:14,850 [Worker-12: Launching mavenrun-910cf466-27a7-48ef-a4a3-6f482fff110e] INFO  o.eclipse.m2e.core.internal.Bundles - 	Entry: C:\Users\neha.sharma\Downloads\eclipse-java-2023-06-R-win32-x86_64\eclipse\plugins\org.eclipse.m2e.maven.runtime_3.9.100.20230519-1558\jars\maven-resolver-connector-basic-1.9.7.jar
2023-12-28 15:54:14,850 [Worker-12: Launching mavenrun-910cf466-27a7-48ef-a4a3-6f482fff110e] INFO  o.eclipse.m2e.core.internal.Bundles - 	Entry: C:\Users\neha.sharma\Downloads\eclipse-java-2023-06-R-win32-x86_64\eclipse\plugins\org.eclipse.m2e.maven.runtime_3.9.100.20230519-1558\jars\maven-resolver-impl-1.9.7.jar
2023-12-28 15:54:14,850 [Worker-12: Launching mavenrun-910cf466-27a7-48ef-a4a3-6f482fff110e] INFO  o.eclipse.m2e.core.internal.Bundles - 	Entry: C:\Users\neha.sharma\Downloads\eclipse-java-2023-06-R-win32-x86_64\eclipse\plugins\org.eclipse.m2e.maven.runtime_3.9.100.20230519-1558\jars\maven-resolver-named-locks-1.9.7.jar
2023-12-28 15:54:14,850 [Worker-12: Launching mavenrun-910cf466-27a7-48ef-a4a3-6f482fff110e] INFO  o.eclipse.m2e.core.internal.Bundles - 	Entry: C:\Users\neha.sharma\Downloads\eclipse-java-2023-06-R-win32-x86_64\eclipse\plugins\org.eclipse.m2e.maven.runtime_3.9.100.20230519-1558\jars\maven-resolver-provider-3.9.1.jar
2023-12-28 15:54:14,851 [Worker-12: Launching mavenrun-910cf466-27a7-48ef-a4a3-6f482fff110e] INFO  o.eclipse.m2e.core.internal.Bundles - 	Entry: C:\Users\neha.sharma\Downloads\eclipse-java-2023-06-R-win32-x86_64\eclipse\plugins\org.eclipse.m2e.maven.runtime_3.9.100.20230519-1558\jars\maven-resolver-spi-1.9.7.jar
2023-12-28 15:54:14,851 [Worker-12: Launching mavenrun-910cf466-27a7-48ef-a4a3-6f482fff110e] INFO  o.eclipse.m2e.core.internal.Bundles - 	Entry: C:\Users\neha.sharma\Downloads\eclipse-java-2023-06-R-win32-x86_64\eclipse\plugins\org.eclipse.m2e.maven.runtime_3.9.100.20230519-1558\jars\maven-resolver-transport-wagon-1.9.7.jar
2023-12-28 15:54:14,851 [Worker-12: Launching mavenrun-910cf466-27a7-48ef-a4a3-6f482fff110e] INFO  o.eclipse.m2e.core.internal.Bundles - 	Entry: C:\Users\neha.sharma\Downloads\eclipse-java-2023-06-R-win32-x86_64\eclipse\plugins\org.eclipse.m2e.maven.runtime_3.9.100.20230519-1558\jars\maven-resolver-util-1.9.7.jar
2023-12-28 15:54:14,851 [Worker-12: Launching mavenrun-910cf466-27a7-48ef-a4a3-6f482fff110e] INFO  o.eclipse.m2e.core.internal.Bundles - 	Entry: C:\Users\neha.sharma\Downloads\eclipse-java-2023-06-R-win32-x86_64\eclipse\plugins\org.eclipse.m2e.maven.runtime_3.9.100.20230519-1558\jars\maven-settings-3.9.1.jar
2023-12-28 15:54:14,851 [Worker-12: Launching mavenrun-910cf466-27a7-48ef-a4a3-6f482fff110e] INFO  o.eclipse.m2e.core.internal.Bundles - 	Entry: C:\Users\neha.sharma\Downloads\eclipse-java-2023-06-R-win32-x86_64\eclipse\plugins\org.eclipse.m2e.maven.runtime_3.9.100.20230519-1558\jars\maven-settings-builder-3.9.1.jar
2023-12-28 15:54:14,852 [Worker-12: Launching mavenrun-910cf466-27a7-48ef-a4a3-6f482fff110e] INFO  o.eclipse.m2e.core.internal.Bundles - 	Entry: C:\Users\neha.sharma\Downloads\eclipse-java-2023-06-R-win32-x86_64\eclipse\plugins\org.eclipse.m2e.maven.runtime_3.9.100.20230519-1558\jars\maven-shared-utils-3.3.4.jar
2023-12-28 15:54:14,852 [Worker-12: Launching mavenrun-910cf466-27a7-48ef-a4a3-6f482fff110e] INFO  o.eclipse.m2e.core.internal.Bundles - 	Entry: C:\Users\neha.sharma\Downloads\eclipse-java-2023-06-R-win32-x86_64\eclipse\plugins\org.eclipse.m2e.maven.runtime_3.9.100.20230519-1558\jars\okhttp-3.14.1.jar
2023-12-28 15:54:14,852 [Worker-12: Launching mavenrun-910cf466-27a7-48ef-a4a3-6f482fff110e] INFO  o.eclipse.m2e.core.internal.Bundles - 	Entry: C:\Users\neha.sharma\Downloads\eclipse-java-2023-06-R-win32-x86_64\eclipse\plugins\org.eclipse.m2e.maven.runtime_3.9.100.20230519-1558\jars\okio-1.17.3.jar
2023-12-28 15:54:14,852 [Worker-12: Launching mavenrun-910cf466-27a7-48ef-a4a3-6f482fff110e] INFO  o.eclipse.m2e.core.internal.Bundles - 	Entry: C:\Users\neha.sharma\Downloads\eclipse-java-2023-06-R-win32-x86_64\eclipse\plugins\org.eclipse.m2e.maven.runtime_3.9.100.20230519-1558\jars\org.eclipse.sisu.inject-0.3.5.jar
2023-12-28 15:54:14,852 [Worker-12: Launching mavenrun-910cf466-27a7-48ef-a4a3-6f482fff110e] INFO  o.eclipse.m2e.core.internal.Bundles - 	Entry: C:\Users\neha.sharma\Downloads\eclipse-java-2023-06-R-win32-x86_64\eclipse\plugins\org.eclipse.m2e.maven.runtime_3.9.100.20230519-1558\jars\org.eclipse.sisu.plexus-0.3.5.jar
2023-12-28 15:54:14,853 [Worker-12: Launching mavenrun-910cf466-27a7-48ef-a4a3-6f482fff110e] INFO  o.eclipse.m2e.core.internal.Bundles - 	Entry: C:\Users\neha.sharma\Downloads\eclipse-java-2023-06-R-win32-x86_64\eclipse\plugins\org.eclipse.m2e.maven.runtime_3.9.100.20230519-1558\jars\plexus-build-api-0.0.7.jar
2023-12-28 15:54:14,853 [Worker-12: Launching mavenrun-910cf466-27a7-48ef-a4a3-6f482fff110e] INFO  o.eclipse.m2e.core.internal.Bundles - 	Entry: C:\Users\neha.sharma\Downloads\eclipse-java-2023-06-R-win32-x86_64\eclipse\plugins\org.eclipse.m2e.maven.runtime_3.9.100.20230519-1558\jars\plexus-cipher-2.0.jar
2023-12-28 15:54:14,853 [Worker-12: Launching mavenrun-910cf466-27a7-48ef-a4a3-6f482fff110e] INFO  o.eclipse.m2e.core.internal.Bundles - 	Entry: C:\Users\neha.sharma\Downloads\eclipse-java-2023-06-R-win32-x86_64\eclipse\plugins\org.eclipse.m2e.maven.runtime_3.9.100.20230519-1558\jars\plexus-classworlds-2.6.0.jar
2023-12-28 15:54:14,853 [Worker-12: Launching mavenrun-910cf466-27a7-48ef-a4a3-6f482fff110e] INFO  o.eclipse.m2e.core.internal.Bundles - 	Entry: C:\Users\neha.sharma\Downloads\eclipse-java-2023-06-R-win32-x86_64\eclipse\plugins\org.eclipse.m2e.maven.runtime_3.9.100.20230519-1558\jars\plexus-component-annotations-2.1.0.jar
2023-12-28 15:54:14,853 [Worker-12: Launching mavenrun-910cf466-27a7-48ef-a4a3-6f482fff110e] INFO  o.eclipse.m2e.core.internal.Bundles - 	Entry: C:\Users\neha.sharma\Downloads\eclipse-java-2023-06-R-win32-x86_64\eclipse\plugins\org.eclipse.m2e.maven.runtime_3.9.100.20230519-1558\jars\plexus-interpolation-1.26.jar
2023-12-28 15:54:14,853 [Worker-12: Launching mavenrun-910cf466-27a7-48ef-a4a3-6f482fff110e] INFO  o.eclipse.m2e.core.internal.Bundles - 	Entry: C:\Users\neha.sharma\Downloads\eclipse-java-2023-06-R-win32-x86_64\eclipse\plugins\org.eclipse.m2e.maven.runtime_3.9.100.20230519-1558\jars\plexus-sec-dispatcher-2.0.jar
2023-12-28 15:54:14,854 [Worker-12: Launching mavenrun-910cf466-27a7-48ef-a4a3-6f482fff110e] INFO  o.eclipse.m2e.core.internal.Bundles - 	Entry: C:\Users\neha.sharma\Downloads\eclipse-java-2023-06-R-win32-x86_64\eclipse\plugins\org.eclipse.m2e.maven.runtime_3.9.100.20230519-1558\jars\plexus-utils-3.5.1.jar
2023-12-28 15:54:14,854 [Worker-12: Launching mavenrun-910cf466-27a7-48ef-a4a3-6f482fff110e] INFO  o.eclipse.m2e.core.internal.Bundles - 	Entry: C:\Users\neha.sharma\Downloads\eclipse-java-2023-06-R-win32-x86_64\eclipse\plugins\org.eclipse.m2e.maven.runtime_3.9.100.20230519-1558\jars\wagon-file-3.5.3.jar
2023-12-28 15:54:14,854 [Worker-12: Launching mavenrun-910cf466-27a7-48ef-a4a3-6f482fff110e] INFO  o.eclipse.m2e.core.internal.Bundles - 	Entry: C:\Users\neha.sharma\Downloads\eclipse-java-2023-06-R-win32-x86_64\eclipse\plugins\org.eclipse.m2e.maven.runtime_3.9.100.20230519-1558\jars\wagon-provider-api-3.5.3.jar
2023-12-28 15:54:14,857 [Worker-12: Launching mavenrun-910cf466-27a7-48ef-a4a3-6f482fff110e] INFO  o.eclipse.m2e.core.internal.Bundles - getClasspathEntries(Bundle=com.google.guava_31.1.0.jre [11])
2023-12-28 15:54:14,860 [Worker-12: Launching mavenrun-910cf466-27a7-48ef-a4a3-6f482fff110e] INFO  o.eclipse.m2e.core.internal.Bundles - 	Entry: C:\Users\neha.sharma\Downloads\eclipse-java-2023-06-R-win32-x86_64\eclipse\plugins\com.google.guava_31.1.0.jre.jar
2023-12-28 15:54:14,861 [Worker-12: Launching mavenrun-910cf466-27a7-48ef-a4a3-6f482fff110e] INFO  o.eclipse.m2e.core.internal.Bundles - getClasspathEntries(Bundle=slf4j.api_1.7.36 [519])
2023-12-28 15:54:14,863 [Worker-12: Launching mavenrun-910cf466-27a7-48ef-a4a3-6f482fff110e] INFO  o.eclipse.m2e.core.internal.Bundles - 	Entry: C:\Users\neha.sharma\Downloads\eclipse-java-2023-06-R-win32-x86_64\eclipse\plugins\slf4j.api_1.7.36.jar
2023-12-28 15:54:14,863 [Worker-12: Launching mavenrun-910cf466-27a7-48ef-a4a3-6f482fff110e] INFO  o.eclipse.m2e.core.internal.Bundles - getClasspathEntries(Bundle=javax.inject_1.0.0.v20220405-0441 [25])
2023-12-28 15:54:14,866 [Worker-12: Launching mavenrun-910cf466-27a7-48ef-a4a3-6f482fff110e] INFO  o.eclipse.m2e.core.internal.Bundles - 	Entry: C:\Users\neha.sharma\Downloads\eclipse-java-2023-06-R-win32-x86_64\eclipse\plugins\javax.inject_1.0.0.v20220405-0441.jar
2023-12-28 15:54:14,866 [Worker-12: Launching mavenrun-910cf466-27a7-48ef-a4a3-6f482fff110e] INFO  o.eclipse.m2e.core.internal.Bundles - getClasspathEntries(Bundle=javax.annotation_1.3.5.v20230504-0748 [23])
2023-12-28 15:54:14,869 [Worker-12: Launching mavenrun-910cf466-27a7-48ef-a4a3-6f482fff110e] INFO  o.eclipse.m2e.core.internal.Bundles - 	Entry: C:\Users\neha.sharma\Downloads\eclipse-java-2023-06-R-win32-x86_64\eclipse\plugins\javax.annotation_1.3.5.v20230504-0748.jar
2023-12-28 15:54:14,870 [Worker-12: Launching mavenrun-910cf466-27a7-48ef-a4a3-6f482fff110e] INFO  o.eclipse.m2e.core.internal.Bundles - getClasspathEntries(Bundle=org.apache.commons.cli_1.5.0 [47])
2023-12-28 15:54:14,872 [Worker-12: Launching mavenrun-910cf466-27a7-48ef-a4a3-6f482fff110e] INFO  o.eclipse.m2e.core.internal.Bundles - 	Entry: C:\Users\neha.sharma\Downloads\eclipse-java-2023-06-R-win32-x86_64\eclipse\plugins\org.apache.commons.cli_1.5.0.jar
2023-12-28 15:54:14,872 [Worker-12: Launching mavenrun-910cf466-27a7-48ef-a4a3-6f482fff110e] INFO  o.eclipse.m2e.core.internal.Bundles - getClasspathEntries(Bundle=com.google.guava.failureaccess_1.0.1 [12])
2023-12-28 15:54:14,874 [Worker-12: Launching mavenrun-910cf466-27a7-48ef-a4a3-6f482fff110e] INFO  o.eclipse.m2e.core.internal.Bundles - 	Entry: C:\Users\neha.sharma\Downloads\eclipse-java-2023-06-R-win32-x86_64\eclipse\plugins\com.google.guava.failureaccess_1.0.1.jar
2023-12-28 15:54:14,881 [Worker-12: Launching mavenrun-910cf466-27a7-48ef-a4a3-6f482fff110e] INFO  o.e.m.i.launch.MavenLaunchDelegate - Run build in "C:\Users\NEHA~1.SHA\AppData\Local\Temp\m2e-archetypeGenerator3361211168179339952":
2023-12-28 15:54:14,882 [Worker-12: Launching mavenrun-910cf466-27a7-48ef-a4a3-6f482fff110e] INFO  o.e.m.i.launch.MavenLaunchDelegate -  mvn  -DarchetypeGroupId=org.apache.maven.archetypes -DarchetypeArtifactId=maven-archetype-quickstart -DarchetypeVersion=1.1 -DgroupId=Learntestng -DartifactId=Learntestng -Dversion=0.0.1-SNAPSHOT -Dpackage=Learntestng.Learntestng -DoutputDirectory=C:\Users\neha.sharma\eclipse-workspace\Tstng -Dstyle.color=always -U archetype:generate
2023-12-28 16:00:34,476 [Worker-5: Loading available Gradle versions] INFO  o.e.b.c.i.u.g.PublishedGradleVersions - Gradle version information cache is up-to-date. Trying to read.
2023-12-28 16:02:28,043 [Worker-6: Loading available Gradle versions] INFO  o.e.b.c.i.u.g.PublishedGradleVersions - Gradle version information cache is up-to-date. Trying to read.
2023-12-28 16:08:28,901 [Worker-5: Launching mavenrun-726b09c6-5f5d-4f2a-b452-943416d72e88] INFO  o.eclipse.m2e.core.internal.Bundles - getClasspathEntries(Bundle=org.eclipse.m2e.maven.runtime_3.9.100.20230519-1558 [291])
2023-12-28 16:08:28,913 [Worker-5: Launching mavenrun-726b09c6-5f5d-4f2a-b452-943416d72e88] INFO  o.eclipse.m2e.core.internal.Bundles - 	Entry: C:\Users\neha.sharma\Downloads\eclipse-java-2023-06-R-win32-x86_64\eclipse\plugins\org.eclipse.m2e.maven.runtime_3.9.100.20230519-1558
2023-12-28 16:08:28,914 [Worker-5: Launching mavenrun-726b09c6-5f5d-4f2a-b452-943416d72e88] INFO  o.eclipse.m2e.core.internal.Bundles - 	Entry: C:\Users\neha.sharma\Downloads\eclipse-java-2023-06-R-win32-x86_64\eclipse\plugins\org.eclipse.m2e.maven.runtime_3.9.100.20230519-1558\jars\aether-connector-okhttp-0.17.8.jar
2023-12-28 16:08:28,914 [Worker-5: Launching mavenrun-726b09c6-5f5d-4f2a-b452-943416d72e88] INFO  o.eclipse.m2e.core.internal.Bundles - 	Entry: C:\Users\neha.sharma\Downloads\eclipse-java-2023-06-R-win32-x86_64\eclipse\plugins\org.eclipse.m2e.maven.runtime_3.9.100.20230519-1558\jars\aopalliance-1.0.jar
2023-12-28 16:08:28,914 [Worker-5: Launching mavenrun-726b09c6-5f5d-4f2a-b452-943416d72e88] INFO  o.eclipse.m2e.core.internal.Bundles - 	Entry: C:\Users\neha.sharma\Downloads\eclipse-java-2023-06-R-win32-x86_64\eclipse\plugins\org.eclipse.m2e.maven.runtime_3.9.100.20230519-1558\jars\commons-lang3-3.8.1.jar
2023-12-28 16:08:28,914 [Worker-5: Launching mavenrun-726b09c6-5f5d-4f2a-b452-943416d72e88] INFO  o.eclipse.m2e.core.internal.Bundles - 	Entry: C:\Users\neha.sharma\Downloads\eclipse-java-2023-06-R-win32-x86_64\eclipse\plugins\org.eclipse.m2e.maven.runtime_3.9.100.20230519-1558\jars\failureaccess-1.0.1.jar
2023-12-28 16:08:28,914 [Worker-5: Launching mavenrun-726b09c6-5f5d-4f2a-b452-943416d72e88] INFO  o.eclipse.m2e.core.internal.Bundles - 	Entry: C:\Users\neha.sharma\Downloads\eclipse-java-2023-06-R-win32-x86_64\eclipse\plugins\org.eclipse.m2e.maven.runtime_3.9.100.20230519-1558\jars\guava-30.1-jre.jar
2023-12-28 16:08:28,915 [Worker-5: Launching mavenrun-726b09c6-5f5d-4f2a-b452-943416d72e88] INFO  o.eclipse.m2e.core.internal.Bundles - 	Entry: C:\Users\neha.sharma\Downloads\eclipse-java-2023-06-R-win32-x86_64\eclipse\plugins\org.eclipse.m2e.maven.runtime_3.9.100.20230519-1558\jars\guice-5.1.0.jar
2023-12-28 16:08:28,915 [Worker-5: Launching mavenrun-726b09c6-5f5d-4f2a-b452-943416d72e88] INFO  o.eclipse.m2e.core.internal.Bundles - 	Entry: C:\Users\neha.sharma\Downloads\eclipse-java-2023-06-R-win32-x86_64\eclipse\plugins\org.eclipse.m2e.maven.runtime_3.9.100.20230519-1558\jars\jansi-2.4.0.jar
2023-12-28 16:08:28,915 [Worker-5: Launching mavenrun-726b09c6-5f5d-4f2a-b452-943416d72e88] INFO  o.eclipse.m2e.core.internal.Bundles - 	Entry: C:\Users\neha.sharma\Downloads\eclipse-java-2023-06-R-win32-x86_64\eclipse\plugins\org.eclipse.m2e.maven.runtime_3.9.100.20230519-1558\jars\maven-artifact-3.9.1.jar
2023-12-28 16:08:28,915 [Worker-5: Launching mavenrun-726b09c6-5f5d-4f2a-b452-943416d72e88] INFO  o.eclipse.m2e.core.internal.Bundles - 	Entry: C:\Users\neha.sharma\Downloads\eclipse-java-2023-06-R-win32-x86_64\eclipse\plugins\org.eclipse.m2e.maven.runtime_3.9.100.20230519-1558\jars\maven-builder-support-3.9.1.jar
2023-12-28 16:08:28,915 [Worker-5: Launching mavenrun-726b09c6-5f5d-4f2a-b452-943416d72e88] INFO  o.eclipse.m2e.core.internal.Bundles - 	Entry: C:\Users\neha.sharma\Downloads\eclipse-java-2023-06-R-win32-x86_64\eclipse\plugins\org.eclipse.m2e.maven.runtime_3.9.100.20230519-1558\jars\maven-compat-3.9.1.jar
2023-12-28 16:08:28,915 [Worker-5: Launching mavenrun-726b09c6-5f5d-4f2a-b452-943416d72e88] INFO  o.eclipse.m2e.core.internal.Bundles - 	Entry: C:\Users\neha.sharma\Downloads\eclipse-java-2023-06-R-win32-x86_64\eclipse\plugins\org.eclipse.m2e.maven.runtime_3.9.100.20230519-1558\jars\maven-core-3.9.1.jar
2023-12-28 16:08:28,916 [Worker-5: Launching mavenrun-726b09c6-5f5d-4f2a-b452-943416d72e88] INFO  o.eclipse.m2e.core.internal.Bundles - 	Entry: C:\Users\neha.sharma\Downloads\eclipse-java-2023-06-R-win32-x86_64\eclipse\plugins\org.eclipse.m2e.maven.runtime_3.9.100.20230519-1558\jars\maven-embedder-3.9.1.jar
2023-12-28 16:08:28,916 [Worker-5: Launching mavenrun-726b09c6-5f5d-4f2a-b452-943416d72e88] INFO  o.eclipse.m2e.core.internal.Bundles - 	Entry: C:\Users\neha.sharma\Downloads\eclipse-java-2023-06-R-win32-x86_64\eclipse\plugins\org.eclipse.m2e.maven.runtime_3.9.100.20230519-1558\jars\maven-model-3.9.1.jar
2023-12-28 16:08:28,916 [Worker-5: Launching mavenrun-726b09c6-5f5d-4f2a-b452-943416d72e88] INFO  o.eclipse.m2e.core.internal.Bundles - 	Entry: C:\Users\neha.sharma\Downloads\eclipse-java-2023-06-R-win32-x86_64\eclipse\plugins\org.eclipse.m2e.maven.runtime_3.9.100.20230519-1558\jars\maven-model-builder-3.9.1.jar
2023-12-28 16:08:28,917 [Worker-5: Launching mavenrun-726b09c6-5f5d-4f2a-b452-943416d72e88] INFO  o.eclipse.m2e.core.internal.Bundles - 	Entry: C:\Users\neha.sharma\Downloads\eclipse-java-2023-06-R-win32-x86_64\eclipse\plugins\org.eclipse.m2e.maven.runtime_3.9.100.20230519-1558\jars\maven-plugin-api-3.9.1.jar
2023-12-28 16:08:28,917 [Worker-5: Launching mavenrun-726b09c6-5f5d-4f2a-b452-943416d72e88] INFO  o.eclipse.m2e.core.internal.Bundles - 	Entry: C:\Users\neha.sharma\Downloads\eclipse-java-2023-06-R-win32-x86_64\eclipse\plugins\org.eclipse.m2e.maven.runtime_3.9.100.20230519-1558\jars\maven-repository-metadata-3.9.1.jar
2023-12-28 16:08:28,917 [Worker-5: Launching mavenrun-726b09c6-5f5d-4f2a-b452-943416d72e88] INFO  o.eclipse.m2e.core.internal.Bundles - 	Entry: C:\Users\neha.sharma\Downloads\eclipse-java-2023-06-R-win32-x86_64\eclipse\plugins\org.eclipse.m2e.maven.runtime_3.9.100.20230519-1558\jars\maven-resolver-api-1.9.7.jar
2023-12-28 16:08:28,917 [Worker-5: Launching mavenrun-726b09c6-5f5d-4f2a-b452-943416d72e88] INFO  o.eclipse.m2e.core.internal.Bundles - 	Entry: C:\Users\neha.sharma\Downloads\eclipse-java-2023-06-R-win32-x86_64\eclipse\plugins\org.eclipse.m2e.maven.runtime_3.9.100.20230519-1558\jars\maven-resolver-connector-basic-1.9.7.jar
2023-12-28 16:08:28,918 [Worker-5: Launching mavenrun-726b09c6-5f5d-4f2a-b452-943416d72e88] INFO  o.eclipse.m2e.core.internal.Bundles - 	Entry: C:\Users\neha.sharma\Downloads\eclipse-java-2023-06-R-win32-x86_64\eclipse\plugins\org.eclipse.m2e.maven.runtime_3.9.100.20230519-1558\jars\maven-resolver-impl-1.9.7.jar
2023-12-28 16:08:28,918 [Worker-5: Launching mavenrun-726b09c6-5f5d-4f2a-b452-943416d72e88] INFO  o.eclipse.m2e.core.internal.Bundles - 	Entry: C:\Users\neha.sharma\Downloads\eclipse-java-2023-06-R-win32-x86_64\eclipse\plugins\org.eclipse.m2e.maven.runtime_3.9.100.20230519-1558\jars\maven-resolver-named-locks-1.9.7.jar
2023-12-28 16:08:28,918 [Worker-5: Launching mavenrun-726b09c6-5f5d-4f2a-b452-943416d72e88] INFO  o.eclipse.m2e.core.internal.Bundles - 	Entry: C:\Users\neha.sharma\Downloads\eclipse-java-2023-06-R-win32-x86_64\eclipse\plugins\org.eclipse.m2e.maven.runtime_3.9.100.20230519-1558\jars\maven-resolver-provider-3.9.1.jar
2023-12-28 16:08:28,918 [Worker-5: Launching mavenrun-726b09c6-5f5d-4f2a-b452-943416d72e88] INFO  o.eclipse.m2e.core.internal.Bundles - 	Entry: C:\Users\neha.sharma\Downloads\eclipse-java-2023-06-R-win32-x86_64\eclipse\plugins\org.eclipse.m2e.maven.runtime_3.9.100.20230519-1558\jars\maven-resolver-spi-1.9.7.jar
2023-12-28 16:08:28,919 [Worker-5: Launching mavenrun-726b09c6-5f5d-4f2a-b452-943416d72e88] INFO  o.eclipse.m2e.core.internal.Bundles - 	Entry: C:\Users\neha.sharma\Downloads\eclipse-java-2023-06-R-win32-x86_64\eclipse\plugins\org.eclipse.m2e.maven.runtime_3.9.100.20230519-1558\jars\maven-resolver-transport-wagon-1.9.7.jar
2023-12-28 16:08:28,919 [Worker-5: Launching mavenrun-726b09c6-5f5d-4f2a-b452-943416d72e88] INFO  o.eclipse.m2e.core.internal.Bundles - 	Entry: C:\Users\neha.sharma\Downloads\eclipse-java-2023-06-R-win32-x86_64\eclipse\plugins\org.eclipse.m2e.maven.runtime_3.9.100.20230519-1558\jars\maven-resolver-util-1.9.7.jar
2023-12-28 16:08:28,919 [Worker-5: Launching mavenrun-726b09c6-5f5d-4f2a-b452-943416d72e88] INFO  o.eclipse.m2e.core.internal.Bundles - 	Entry: C:\Users\neha.sharma\Downloads\eclipse-java-2023-06-R-win32-x86_64\eclipse\plugins\org.eclipse.m2e.maven.runtime_3.9.100.20230519-1558\jars\maven-settings-3.9.1.jar
2023-12-28 16:08:28,919 [Worker-5: Launching mavenrun-726b09c6-5f5d-4f2a-b452-943416d72e88] INFO  o.eclipse.m2e.core.internal.Bundles - 	Entry: C:\Users\neha.sharma\Downloads\eclipse-java-2023-06-R-win32-x86_64\eclipse\plugins\org.eclipse.m2e.maven.runtime_3.9.100.20230519-1558\jars\maven-settings-builder-3.9.1.jar
2023-12-28 16:08:28,919 [Worker-5: Launching mavenrun-726b09c6-5f5d-4f2a-b452-943416d72e88] INFO  o.eclipse.m2e.core.internal.Bundles - 	Entry: C:\Users\neha.sharma\Downloads\eclipse-java-2023-06-R-win32-x86_64\eclipse\plugins\org.eclipse.m2e.maven.runtime_3.9.100.20230519-1558\jars\maven-shared-utils-3.3.4.jar
2023-12-28 16:08:28,920 [Worker-5: Launching mavenrun-726b09c6-5f5d-4f2a-b452-943416d72e88] INFO  o.eclipse.m2e.core.internal.Bundles - 	Entry: C:\Users\neha.sharma\Downloads\eclipse-java-2023-06-R-win32-x86_64\eclipse\plugins\org.eclipse.m2e.maven.runtime_3.9.100.20230519-1558\jars\okhttp-3.14.1.jar
2023-12-28 16:08:28,920 [Worker-5: Launching mavenrun-726b09c6-5f5d-4f2a-b452-943416d72e88] INFO  o.eclipse.m2e.core.internal.Bundles - 	Entry: C:\Users\neha.sharma\Downloads\eclipse-java-2023-06-R-win32-x86_64\eclipse\plugins\org.eclipse.m2e.maven.runtime_3.9.100.20230519-1558\jars\okio-1.17.3.jar
2023-12-28 16:08:28,920 [Worker-5: Launching mavenrun-726b09c6-5f5d-4f2a-b452-943416d72e88] INFO  o.eclipse.m2e.core.internal.Bundles - 	Entry: C:\Users\neha.sharma\Downloads\eclipse-java-2023-06-R-win32-x86_64\eclipse\plugins\org.eclipse.m2e.maven.runtime_3.9.100.20230519-1558\jars\org.eclipse.sisu.inject-0.3.5.jar
2023-12-28 16:08:28,921 [Worker-5: Launching mavenrun-726b09c6-5f5d-4f2a-b452-943416d72e88] INFO  o.eclipse.m2e.core.internal.Bundles - 	Entry: C:\Users\neha.sharma\Downloads\eclipse-java-2023-06-R-win32-x86_64\eclipse\plugins\org.eclipse.m2e.maven.runtime_3.9.100.20230519-1558\jars\org.eclipse.sisu.plexus-0.3.5.jar
2023-12-28 16:08:28,921 [Worker-5: Launching mavenrun-726b09c6-5f5d-4f2a-b452-943416d72e88] INFO  o.eclipse.m2e.core.internal.Bundles - 	Entry: C:\Users\neha.sharma\Downloads\eclipse-java-2023-06-R-win32-x86_64\eclipse\plugins\org.eclipse.m2e.maven.runtime_3.9.100.20230519-1558\jars\plexus-build-api-0.0.7.jar
2023-12-28 16:08:28,921 [Worker-5: Launching mavenrun-726b09c6-5f5d-4f2a-b452-943416d72e88] INFO  o.eclipse.m2e.core.internal.Bundles - 	Entry: C:\Users\neha.sharma\Downloads\eclipse-java-2023-06-R-win32-x86_64\eclipse\plugins\org.eclipse.m2e.maven.runtime_3.9.100.20230519-1558\jars\plexus-cipher-2.0.jar
2023-12-28 16:08:28,921 [Worker-5: Launching mavenrun-726b09c6-5f5d-4f2a-b452-943416d72e88] INFO  o.eclipse.m2e.core.internal.Bundles - 	Entry: C:\Users\neha.sharma\Downloads\eclipse-java-2023-06-R-win32-x86_64\eclipse\plugins\org.eclipse.m2e.maven.runtime_3.9.100.20230519-1558\jars\plexus-classworlds-2.6.0.jar
2023-12-28 16:08:28,921 [Worker-5: Launching mavenrun-726b09c6-5f5d-4f2a-b452-943416d72e88] INFO  o.eclipse.m2e.core.internal.Bundles - 	Entry: C:\Users\neha.sharma\Downloads\eclipse-java-2023-06-R-win32-x86_64\eclipse\plugins\org.eclipse.m2e.maven.runtime_3.9.100.20230519-1558\jars\plexus-component-annotations-2.1.0.jar
2023-12-28 16:08:28,923 [Worker-5: Launching mavenrun-726b09c6-5f5d-4f2a-b452-943416d72e88] INFO  o.eclipse.m2e.core.internal.Bundles - 	Entry: C:\Users\neha.sharma\Downloads\eclipse-java-2023-06-R-win32-x86_64\eclipse\plugins\org.eclipse.m2e.maven.runtime_3.9.100.20230519-1558\jars\plexus-interpolation-1.26.jar
2023-12-28 16:08:28,923 [Worker-5: Launching mavenrun-726b09c6-5f5d-4f2a-b452-943416d72e88] INFO  o.eclipse.m2e.core.internal.Bundles - 	Entry: C:\Users\neha.sharma\Downloads\eclipse-java-2023-06-R-win32-x86_64\eclipse\plugins\org.eclipse.m2e.maven.runtime_3.9.100.20230519-1558\jars\plexus-sec-dispatcher-2.0.jar
2023-12-28 16:08:28,923 [Worker-5: Launching mavenrun-726b09c6-5f5d-4f2a-b452-943416d72e88] INFO  o.eclipse.m2e.core.internal.Bundles - 	Entry: C:\Users\neha.sharma\Downloads\eclipse-java-2023-06-R-win32-x86_64\eclipse\plugins\org.eclipse.m2e.maven.runtime_3.9.100.20230519-1558\jars\plexus-utils-3.5.1.jar
2023-12-28 16:08:28,923 [Worker-5: Launching mavenrun-726b09c6-5f5d-4f2a-b452-943416d72e88] INFO  o.eclipse.m2e.core.internal.Bundles - 	Entry: C:\Users\neha.sharma\Downloads\eclipse-java-2023-06-R-win32-x86_64\eclipse\plugins\org.eclipse.m2e.maven.runtime_3.9.100.20230519-1558\jars\wagon-file-3.5.3.jar
2023-12-28 16:08:28,924 [Worker-5: Launching mavenrun-726b09c6-5f5d-4f2a-b452-943416d72e88] INFO  o.eclipse.m2e.core.internal.Bundles - 	Entry: C:\Users\neha.sharma\Downloads\eclipse-java-2023-06-R-win32-x86_64\eclipse\plugins\org.eclipse.m2e.maven.runtime_3.9.100.20230519-1558\jars\wagon-provider-api-3.5.3.jar
2023-12-28 16:08:28,925 [Worker-5: Launching mavenrun-726b09c6-5f5d-4f2a-b452-943416d72e88] INFO  o.eclipse.m2e.core.internal.Bundles - getClasspathEntries(Bundle=com.google.guava_31.1.0.jre [11])
2023-12-28 16:08:28,929 [Worker-5: Launching mavenrun-726b09c6-5f5d-4f2a-b452-943416d72e88] INFO  o.eclipse.m2e.core.internal.Bundles - 	Entry: C:\Users\neha.sharma\Downloads\eclipse-java-2023-06-R-win32-x86_64\eclipse\plugins\com.google.guava_31.1.0.jre.jar
2023-12-28 16:08:28,929 [Worker-5: Launching mavenrun-726b09c6-5f5d-4f2a-b452-943416d72e88] INFO  o.eclipse.m2e.core.internal.Bundles - getClasspathEntries(Bundle=slf4j.api_1.7.36 [519])
2023-12-28 16:08:28,931 [Worker-5: Launching mavenrun-726b09c6-5f5d-4f2a-b452-943416d72e88] INFO  o.eclipse.m2e.core.internal.Bundles - 	Entry: C:\Users\neha.sharma\Downloads\eclipse-java-2023-06-R-win32-x86_64\eclipse\plugins\slf4j.api_1.7.36.jar
2023-12-28 16:08:28,931 [Worker-5: Launching mavenrun-726b09c6-5f5d-4f2a-b452-943416d72e88] INFO  o.eclipse.m2e.core.internal.Bundles - getClasspathEntries(Bundle=javax.inject_1.0.0.v20220405-0441 [25])
2023-12-28 16:08:28,936 [Worker-5: Launching mavenrun-726b09c6-5f5d-4f2a-b452-943416d72e88] INFO  o.eclipse.m2e.core.internal.Bundles - 	Entry: C:\Users\neha.sharma\Downloads\eclipse-java-2023-06-R-win32-x86_64\eclipse\plugins\javax.inject_1.0.0.v20220405-0441.jar
2023-12-28 16:08:28,936 [Worker-5: Launching mavenrun-726b09c6-5f5d-4f2a-b452-943416d72e88] INFO  o.eclipse.m2e.core.internal.Bundles - getClasspathEntries(Bundle=javax.annotation_1.3.5.v20230504-0748 [23])
2023-12-28 16:08:28,939 [Worker-5: Launching mavenrun-726b09c6-5f5d-4f2a-b452-943416d72e88] INFO  o.eclipse.m2e.core.internal.Bundles - 	Entry: C:\Users\neha.sharma\Downloads\eclipse-java-2023-06-R-win32-x86_64\eclipse\plugins\javax.annotation_1.3.5.v20230504-0748.jar
2023-12-28 16:08:28,939 [Worker-5: Launching mavenrun-726b09c6-5f5d-4f2a-b452-943416d72e88] INFO  o.eclipse.m2e.core.internal.Bundles - getClasspathEntries(Bundle=org.apache.commons.cli_1.5.0 [47])
2023-12-28 16:08:28,940 [Worker-5: Launching mavenrun-726b09c6-5f5d-4f2a-b452-943416d72e88] INFO  o.eclipse.m2e.core.internal.Bundles - 	Entry: C:\Users\neha.sharma\Downloads\eclipse-java-2023-06-R-win32-x86_64\eclipse\plugins\org.apache.commons.cli_1.5.0.jar
2023-12-28 16:08:28,940 [Worker-5: Launching mavenrun-726b09c6-5f5d-4f2a-b452-943416d72e88] INFO  o.eclipse.m2e.core.internal.Bundles - getClasspathEntries(Bundle=com.google.guava.failureaccess_1.0.1 [12])
2023-12-28 16:08:28,942 [Worker-5: Launching mavenrun-726b09c6-5f5d-4f2a-b452-943416d72e88] INFO  o.eclipse.m2e.core.internal.Bundles - 	Entry: C:\Users\neha.sharma\Downloads\eclipse-java-2023-06-R-win32-x86_64\eclipse\plugins\com.google.guava.failureaccess_1.0.1.jar
2023-12-28 16:08:28,947 [Worker-5: Launching mavenrun-726b09c6-5f5d-4f2a-b452-943416d72e88] INFO  o.e.m.i.launch.MavenLaunchDelegate - Run build in "C:\Users\NEHA~1.SHA\AppData\Local\Temp\m2e-archetypeGenerator17372778149538191859":
2023-12-28 16:08:28,948 [Worker-5: Launching mavenrun-726b09c6-5f5d-4f2a-b452-943416d72e88] INFO  o.e.m.i.launch.MavenLaunchDelegate -  mvn  -DarchetypeGroupId=org.apache.maven.archetypes -DarchetypeArtifactId=maven-archetype-quickstart -DarchetypeVersion=1.1 -DgroupId=Learntestng -DartifactId=Learntestng_1 -Dversion=0.0.1-SNAPSHOT -Dpackage=Learntestng.Learntestng_1 -DoutputDirectory=C:\Users\neha.sharma\eclipse-workspace\Tstng -Dstyle.color=always -U archetype:generate
